  Source.cpp
d:\project\model-viewer-master\modelviewer\shader.h(89): warning C4101: e: неиспользованная локальная переменная
d:\project\model-viewer-master\modelviewer\model.h(66): warning C4267: аргумент: преобразование из "size_t" в "int"; возможна потеря данных
d:\project\model-viewer-master\modelviewer\model.h(67): warning C4267: аргумент: преобразование из "size_t" в "int"; возможна потеря данных
d:\project\model-viewer-master\modelviewer\model.h(68): warning C4267: аргумент: преобразование из "size_t" в "int"; возможна потеря данных
d:\project\model-viewer-master\modelviewer\model.h(71): warning C4267: аргумент: преобразование из "size_t" в "int"; возможна потеря данных
d:\project\model-viewer-master\modelviewer\model.h(72): warning C4267: аргумент: преобразование из "size_t" в "int"; возможна потеря данных
d:\project\model-viewer-master\modelviewer\model.h(73): warning C4267: аргумент: преобразование из "size_t" в "int"; возможна потеря данных
d:\project\model-viewer-master\modelviewer\model.h(76): warning C4267: аргумент: преобразование из "size_t" в "int"; возможна потеря данных
d:\project\model-viewer-master\modelviewer\model.h(77): warning C4267: аргумент: преобразование из "size_t" в "int"; возможна потеря данных
d:\project\model-viewer-master\modelviewer\model.h(171): warning C4267: аргумент: преобразование из "size_t" в "int"; возможна потеря данных
d:\project\model-viewer-master\modelviewer\model.h(172): warning C4267: аргумент: преобразование из "size_t" в "int"; возможна потеря данных
d:\project\model-viewer-master\modelviewer\model.h(175): warning C4267: аргумент: преобразование из "size_t" в "int"; возможна потеря данных
d:\project\model-viewer-master\modelviewer\model.h(176): warning C4267: аргумент: преобразование из "size_t" в "int"; возможна потеря данных
d:\project\model-viewer-master\modelviewer\model.h(179): warning C4267: аргумент: преобразование из "size_t" в "int"; возможна потеря данных
d:\project\model-viewer-master\modelviewer\model.h(180): warning C4267: аргумент: преобразование из "size_t" в "int"; возможна потеря данных
d:\project\model-viewer-master\modelviewer\model.h(183): warning C4267: аргумент: преобразование из "size_t" в "int"; возможна потеря данных
d:\project\model-viewer-master\modelviewer\model.h(184): warning C4267: аргумент: преобразование из "size_t" в "int"; возможна потеря данных
d:\project\model-viewer-master\modelviewer\model.h(200): warning C4267: аргумент: преобразование из "size_t" в "int"; возможна потеря данных
d:\project\model-viewer-master\modelviewer\model.h(243): warning C4267: аргумент: преобразование из "size_t" в "int"; возможна потеря данных
d:\project\model-viewer-master\modelviewer\model.h(246): warning C4267: аргумент: преобразование из "size_t" в "int"; возможна потеря данных
d:\project\model-viewer-master\modelviewer\model.h(248): warning C4267: аргумент: преобразование из "size_t" в "int"; возможна потеря данных
d:\project\model-viewer-master\modelviewer\model.h(251): warning C4267: аргумент: преобразование из "size_t" в "int"; возможна потеря данных
d:\project\model-viewer-master\modelviewer\model.h(253): warning C4267: аргумент: преобразование из "size_t" в "int"; возможна потеря данных
d:\project\model-viewer-master\modelviewer\model.h(256): warning C4267: аргумент: преобразование из "size_t" в "int"; возможна потеря данных
d:\project\model-viewer-master\modelviewer\model.h(258): warning C4267: аргумент: преобразование из "size_t" в "int"; возможна потеря данных
d:\project\model-viewer-master\modelviewer\model.h(261): warning C4267: аргумент: преобразование из "size_t" в "int"; возможна потеря данных
d:\project\model-viewer-master\modelviewer\model.h(263): warning C4267: аргумент: преобразование из "size_t" в "int"; возможна потеря данных
d:\project\model-viewer-master\modelviewer\model.h(266): warning C4267: аргумент: преобразование из "size_t" в "int"; возможна потеря данных
d:\project\model-viewer-master\modelviewer\source.cpp(236): warning C4244: =: преобразование "double" в "float", возможна потеря данных
d:\project\model-viewer-master\modelviewer\source.cpp(237): warning C4244: =: преобразование "double" в "float", возможна потеря данных
  ModelViewer.vcxproj -> D:\project\Model-Viewer-master\x64\Debug\ModelViewer.exe
  "pwsh.exe" не является внутренней или внешней
  командой, исполняемой программой или пакетным файлом.
